2020-03-07 10:04:34,218 __main__     INFO     Getting dataframe with alt_label: False.
2020-03-07 10:04:34,286 __main__     INFO     Running with test enabled.
2020-03-07 10:04:34,289 __main__     INFO     Found 5 classes in data set.
2020-03-07 10:04:34,289 __main__     INFO     Creating model with cnn base: MobileNetV2
2020-03-07 10:04:34,289 __main__     INFO     batch size: 32, dense units 128, dropout: 0.2
2020-03-07 10:04:34,289 __main__     INFO     learning rate: 0.0005, l2 penalty: 0.0001, freeze 75
2020-03-07 10:04:38,095 __main__     INFO     Generating validation dataset.
2020-03-07 10:04:38,111 __main__     INFO     Generating train dataset.
2020-03-07 10:04:38,123 __main__     INFO     Class dict: {'Unknown': 0, 'eva_st_angel': 1, 'lindo_st_angel': 2, 'nico_st_angel': 3, 'nikki_st_angel': 4}
2020-03-07 10:04:38,123 __main__     INFO     Number of training samples: 5839
2020-03-07 10:04:38,123 __main__     INFO     Number of validation samples: 1459
2020-03-07 10:04:38,123 __main__     INFO     Class weights: {4: 1.9443207126948776, 0: 1.0186697782963827, 2: 1.0, 1: 2.954314720812183, 3: 1.9617977528089887}
2020-03-07 10:04:38,123 __main__     INFO     Steps per epoch: 182
2020-03-07 10:04:38,123 __main__     INFO     Validation steps: 45
2020-03-07 10:04:38,124 __main__     INFO     Starting pass 1.
2020-03-07 10:30:33,955 __main__     INFO     Finished pass 1.
2020-03-07 10:30:36,823 __main__     INFO     Starting pass 2 with learning rate: 5e-05
2020-03-07 11:09:54,941 __main__     INFO     Finished pass 2.
2020-03-07 11:10:12,953 tensorflow   WARNING  From /home/lindo/.virtualenvs/szm/lib/python3.6/site-packages/tensorflow_core/python/ops/resource_variable_ops.py:1786: calling BaseResourceVariable.__init__ (from tensorflow.python.ops.resource_variable_ops) with constraint is deprecated and will be removed in a future version.
Instructions for updating:
If using Keras pass *_constraint arguments to layers.
2020-03-07 11:10:15,095 tensorflow   INFO     Assets written to: /home/lindo/develop/smart-zoneminder/person-class/train-results/MobileNetV2/1/assets
2020-03-07 11:10:16,638 __main__     INFO     Exported SavedModel to /home/lindo/develop/smart-zoneminder/person-class/train-results/MobileNetV2
2020-03-07 11:10:16,638 __main__     INFO     Evaluating model on 1825 test samples.
2020-03-07 11:10:22,646 __main__     INFO     Classification report:
                precision    recall  f1-score   support

       Unknown       0.84      0.78      0.81       534
  eva_st_angel       0.78      0.81      0.80       166
lindo_st_angel       0.92      0.86      0.89       516
 nico_st_angel       0.87      0.84      0.85       299
nikki_st_angel       0.74      0.92      0.82       310

      accuracy                           0.84      1825
     macro avg       0.83      0.84      0.83      1825
  weighted avg       0.84      0.84      0.84      1825

2020-03-07 11:10:22,665 __main__     INFO     Confusion matrix:
[[414  19  30  22  49]
 [ 12 135   1   2  16]
 [ 37   7 445  13  14]
 [ 13   6   5 252  23]
 [ 17   6   1   2 284]]
2020-03-07 11:10:36,899 __main__     INFO     Quantized tflite model saved to: /home/lindo/develop/smart-zoneminder/person-class/train-results/MobileNetV2-person-classifier-quant.tflite
2020-03-07 11:10:37,371 __main__     INFO     Edge TPU model compilation results:
Edge TPU Compiler version 2.0.291256449

Model compiled successfully in 341 ms.

Input model: /home/lindo/develop/smart-zoneminder/person-class/train-results/MobileNetV2-person-classifier-quant.tflite
Input size: 2.87MiB
Output model: /home/lindo/develop/smart-zoneminder/person-class/train-results/MobileNetV2-person-classifier-quant_edgetpu.tflite
Output size: 2.91MiB
On-chip memory available for caching model parameters: 6.91MiB
On-chip memory used for caching model parameters: 2.79MiB
Off-chip memory used for streaming uncached model parameters: 0.00B
Number of Edge TPU subgraphs: 1
Total number of operations: 73
Operation log: /home/lindo/develop/smart-zoneminder/person-class/train-results/MobileNetV2-person-classifier-quant_edgetpu.log

Model successfully compiled but not all operations are supported by the Edge TPU. A percentage of the model will instead run on the CPU, which is slower. If possible, consider updating your model to use only operations supported by the Edge TPU. For details, visit g.co/coral/model-reqs.
Number of operations that will run on Edge TPU: 71
Number of operations that will run on CPU: 2
See the operation log file for individual operation details.

