2020-01-12 16:14:54,912 __main__     INFO     Creating model with cnn base: VGG16
2020-01-12 16:14:54,913 __main__     INFO     batch size: 32, dense units 128, dropout: 0.2
2020-01-12 16:14:54,913 __main__     INFO     learning rate: 0.0001, l2 penalty: 0.0001, freeze 10
2020-01-12 16:14:54,930 tensorflow   WARNING  From /home/lindo/.virtualenvs/od/local/lib/python3.6/site-packages/tensorflow_core/python/ops/resource_variable_ops.py:1630: calling BaseResourceVariable.__init__ (from tensorflow.python.ops.resource_variable_ops) with constraint is deprecated and will be removed in a future version.
Instructions for updating:
If using Keras pass *_constraint arguments to layers.
2020-01-12 16:14:56,822 tensorflow   WARNING  From /home/lindo/.virtualenvs/od/local/lib/python3.6/site-packages/tensorflow_core/python/ops/init_ops.py:97: calling GlorotUniform.__init__ (from tensorflow.python.ops.init_ops) with dtype is deprecated and will be removed in a future version.
Instructions for updating:
Call initializer instance with the dtype argument instead of passing it to the constructor
2020-01-12 16:14:56,823 tensorflow   WARNING  From /home/lindo/.virtualenvs/od/local/lib/python3.6/site-packages/tensorflow_core/python/ops/init_ops.py:97: calling Zeros.__init__ (from tensorflow.python.ops.init_ops) with dtype is deprecated and will be removed in a future version.
Instructions for updating:
Call initializer instance with the dtype argument instead of passing it to the constructor
2020-01-12 16:14:57,516 __main__     INFO     Getting dataframe.
2020-01-12 16:14:57,665 __main__     INFO     Class dict: {'Unknown': 0, 'eva_st_angel': 1, 'lindo_st_angel': 2, 'nico_st_angel': 3, 'nikki_st_angel': 4}
2020-01-12 16:14:57,665 __main__     INFO     Number of training samples: 5474
2020-01-12 16:14:57,665 __main__     INFO     Number of validation samples: 1368
2020-01-12 16:14:57,665 __main__     INFO     Class weights: {1: 4.0893536121673, 3: 2.7971391417425226, 0: 1.0, 2: 1.7431118314424636, 4: 2.709068010075567}
2020-01-12 16:14:57,665 __main__     INFO     Steps per epoch: 171
2020-01-12 16:14:57,665 __main__     INFO     Validation steps: 42
2020-01-12 16:14:57,665 __main__     INFO     Starting pass 1.
2020-01-12 16:45:24,200 __main__     INFO     Finished pass 1.
2020-01-12 16:45:24,201 __main__     INFO     Starting pass 2 with learning rate: 1e-05
2020-01-12 16:45:24,725 __main__     INFO     Initiating pass 2 with final pass 1 model.
2020-01-12 17:24:53,715 __main__     INFO     Finished pass 2.
2020-01-12 17:25:00,793 __main__     INFO     Classification report:
                precision    recall  f1-score   support

       Unknown       0.94      0.78      0.86       550
  eva_st_angel       0.91      0.92      0.92       159
lindo_st_angel       0.83      0.96      0.89       272
 nico_st_angel       0.92      0.89      0.90       183
nikki_st_angel       0.75      0.95      0.84       204

      accuracy                           0.87      1368
     macro avg       0.87      0.90      0.88      1368
  weighted avg       0.88      0.87      0.87      1368

2020-01-12 17:25:00,795 keras_to_frozen_tf INFO     Starting conversion of keras model to frozen TF model.
2020-01-12 17:25:01,313 keras_to_frozen_tf INFO     Input node name(s) are: ['vgg16_input']
2020-01-12 17:25:01,314 keras_to_frozen_tf INFO     Output node name(s) are: ['dense_1/Softmax']
2020-01-12 17:25:01,318 tensorflow   WARNING  From /home/lindo/develop/smart-zoneminder/person-class/keras_to_frozen_tf.py:35: The name tf.keras.backend.get_session is deprecated. Please use tf.compat.v1.keras.backend.get_session instead.

2020-01-12 17:25:01,323 tensorflow   WARNING  From /home/lindo/develop/smart-zoneminder/person-class/keras_to_frozen_tf.py:39: convert_variables_to_constants (from tensorflow.python.framework.graph_util_impl) is deprecated and will be removed in a future version.
Instructions for updating:
Use `tf.compat.v1.graph_util.convert_variables_to_constants`
2020-01-12 17:25:01,323 tensorflow   WARNING  From /home/lindo/.virtualenvs/od/local/lib/python3.6/site-packages/tensorflow_core/python/framework/graph_util_impl.py:277: extract_sub_graph (from tensorflow.python.framework.graph_util_impl) is deprecated and will be removed in a future version.
Instructions for updating:
Use `tf.compat.v1.graph_util.extract_sub_graph`
2020-01-12 17:25:01,368 tensorflow   INFO     Froze 30 variables.
2020-01-12 17:25:01,397 tensorflow   INFO     Converted 30 variables to const ops.
2020-01-12 17:25:01,505 keras_to_frozen_tf INFO     Saved the frozen graph at /home/lindo/develop/smart-zoneminder/person-class/train-results/VGG16-person-classifier.pb
2020-01-12 17:25:03,488 tensorflow   INFO     Froze 30 variables.
2020-01-12 17:25:03,517 tensorflow   INFO     Converted 30 variables to const ops.
2020-01-12 17:25:35,705 __main__     INFO     Quantized tflite model saved to: /home/lindo/develop/smart-zoneminder/person-class/train-results/VGG16-person-classifier-quant.tflite
2020-01-12 17:25:36,367 __main__     INFO     Compiled model for edge tpu:
Edge TPU Compiler version 2.0.267685300

Model compiled successfully in 382 ms.

Input model: /home/lindo/develop/smart-zoneminder/person-class/train-results/VGG16-person-classifier-quant.tflite
Input size: 14.21MiB
Output model: /home/lindo/develop/smart-zoneminder/person-class/train-results/VGG16-person-classifier-quant_edgetpu.tflite
Output size: 14.30MiB
On-chip memory available for caching model parameters: 5.61MiB
On-chip memory used for caching model parameters: 5.40MiB
Off-chip memory used for streaming uncached model parameters: 8.75MiB
Number of Edge TPU subgraphs: 1
Total number of operations: 24
Operation log: /home/lindo/develop/smart-zoneminder/person-class/train-results/VGG16-person-classifier-quant_edgetpu.log
See the operation log file for individual operation details.

